<?xml version="1.0" encoding="UTF-8"?>
<testsuites name="TS_002" time="4.07" tests="1" failures="0" errors="0">
   <testsuite name="TS_002" tests="1" failures="0" errors="0" time="4.07" skipped="0" timestamp="2026-09-08T16:20:14.507Z" hostname="bahtiar - localhost" id="Test Suites/TS_002">
      <properties>
         <property name="deviceName" value=""/>
         <property name="devicePlatform"/>
         <property name="logFolder" value="/Users/bahtiar/git/katalon-ifg-test/Reports/20260908_232012/TS_002/20260908_232012"/>
         <property name="logFiles" value="/Users/bahtiar/git/katalon-ifg-test/Reports/20260908_232012/TS_002/20260908_232012/execution0.log, /Users/bahtiar/git/katalon-ifg-test/Reports/20260908_232012/TS_002/20260908_232012/console0.log"/>
         <property name="attachments" value=""/>
         <property name="executionBindingVariables" value="[]"/>
         <property name="hostName" value="bahtiar - localhost"/>
         <property name="os" value="Mac OS X 64bit"/>
         <property name="katalonVersion" value="11.1.1.0"/>
         <property name="userFullName" value="TIAR"/>
         <property name="hostAddress" value="127.0.0.1"/>
         <property name="projectName" value="katalon-ifg-test"/>
      </properties>
      <testcase name="Test Cases/TC_Verify_Kafka_Message" time="4.027" classname="Test Cases/TC_Verify_Kafka_Message" status="PASSED">
         <system-out><![CDATA[08-09-2026T23:20:14 - [TEST_CASE][PASSED] - Test Cases/TC_Verify_Kafka_Message: Test Cases/TC_Verify_Kafka_Message

08-09-2026T23:20:14 - [TEST_STEP][PASSED] - bootstrapServer = "localhost:9092": null

08-09-2026T23:20:14 - [TEST_STEP][PASSED] - topicName = "tes-topik": null

08-09-2026T23:20:14 - [TEST_STEP][PASSED] - groupId = "katalon-test-group": null

08-09-2026T23:20:14 - [TEST_STEP][PASSED] - receivedMessage = kafka.KafkaConsumerHelper.consumeLatestMessage(bootstrapServer, topicName, groupId): kafka.KafkaConsumerHelper.consumeLatestMessage is PASSED

08-09-2026T23:20:18 - [MESSAGE][PASSED] - kafka.KafkaConsumerHelper.consumeLatestMessage is PASSED

08-09-2026T23:20:18 - [TEST_STEP][PASSED] - logInfo("Pesan yang diterima dari Kafka: " + receivedMessage): Pesan yang diterima dari Kafka: Hello Kafka!

08-09-2026T23:20:18 - [MESSAGE][INFO] - Pesan yang diterima dari Kafka: Hello Kafka!

08-09-2026T23:20:18 - [TEST_STEP][PASSED] - assert receivedMessage.contains("Hello Kafka!") : "Pesan dari tidak Kafka sesuai!": null]]></system-out>
         <system-err><![CDATA[]]></system-err>
      </testcase>
      <system-out><![CDATA[08-09-2026T23:20:14 - [TEST_SUITE][PASSED] - TS_002: null]]></system-out>
      <system-err><![CDATA[]]></system-err>
   </testsuite>
</testsuites>
